0 info it worked if it ends with ok
1 verbose cli [ '/usr/local/bin/node', '/usr/local/bin/npm', 'install' ]
2 info using npm@3.3.12
3 info using node@v5.4.1
4 silly loadCurrentTree Starting
5 silly install loadCurrentTree
6 silly install readLocalPackageData
7 silly install normalizeTree
8 silly loadCurrentTree Finishing
9 silly loadIdealTree Starting
10 silly install loadIdealTree
11 silly cloneCurrentTree Starting
12 silly install cloneCurrentTreeToIdealTree
13 silly cloneCurrentTree Finishing
14 silly loadShrinkwrap Starting
15 silly install loadShrinkwrap
16 silly loadShrinkwrap Finishing
17 silly loadAllDepsIntoIdealTree Starting
18 silly install loadAllDepsIntoIdealTree
19 silly fetchNamedPackageData grunt-node-inspector
20 silly mapToRegistry name grunt-node-inspector
21 silly mapToRegistry using default registry
22 silly mapToRegistry registry https://registry.npmjs.org/
23 silly mapToRegistry uri https://registry.npmjs.org/grunt-node-inspector
24 silly fetchNamedPackageData karma-phantomjs2-launcher
25 silly mapToRegistry name karma-phantomjs2-launcher
26 silly mapToRegistry using default registry
27 silly mapToRegistry registry https://registry.npmjs.org/
28 silly mapToRegistry uri https://registry.npmjs.org/karma-phantomjs2-launcher
29 verbose request uri https://registry.npmjs.org/karma-phantomjs2-launcher
30 verbose request no auth needed
31 info attempt registry request try #1 at 1:37:00 PM
32 verbose request id 30c5038a27074d4b
33 http request GET https://registry.npmjs.org/karma-phantomjs2-launcher
34 info retry will retry, error on last attempt: Error: getaddrinfo EAI_AGAIN registry.npmjs.org:443
35 verbose request uri https://registry.npmjs.org/grunt-node-inspector
36 verbose request no auth needed
37 info attempt registry request try #1 at 1:37:01 PM
38 verbose etag "5CKZXN4WUS8VSGZAPUWS0H9N8"
39 http request GET https://registry.npmjs.org/grunt-node-inspector
40 info retry will retry, error on last attempt: Error: getaddrinfo EAI_AGAIN registry.npmjs.org:443
41 info attempt registry request try #2 at 1:37:11 PM
42 http request GET https://registry.npmjs.org/karma-phantomjs2-launcher
43 info retry will retry, error on last attempt: Error: getaddrinfo EAI_AGAIN registry.npmjs.org:443
44 info attempt registry request try #2 at 1:37:11 PM
45 verbose etag "5CKZXN4WUS8VSGZAPUWS0H9N8"
46 http request GET https://registry.npmjs.org/grunt-node-inspector
47 info retry will retry, error on last attempt: Error: getaddrinfo EAI_AGAIN registry.npmjs.org:443
48 info attempt registry request try #3 at 1:38:11 PM
49 http request GET https://registry.npmjs.org/karma-phantomjs2-launcher
50 silly fetchPackageMetaData Error: getaddrinfo EAI_AGAIN registry.npmjs.org:443
50 silly fetchPackageMetaData     at Object.exports._errnoException (util.js:856:11)
50 silly fetchPackageMetaData     at errnoException (dns.js:31:15)
50 silly fetchPackageMetaData     at GetAddrInfoReqWrap.onlookup [as oncomplete] (dns.js:77:26)
50 silly fetchPackageMetaData  error for karma-phantomjs2-launcher@0.4.0 { [Error: getaddrinfo EAI_AGAIN registry.npmjs.org:443]
50 silly fetchPackageMetaData   code: 'EAI_AGAIN',
50 silly fetchPackageMetaData   errno: 'EAI_AGAIN',
50 silly fetchPackageMetaData   syscall: 'getaddrinfo',
50 silly fetchPackageMetaData   hostname: 'registry.npmjs.org',
50 silly fetchPackageMetaData   host: 'registry.npmjs.org',
50 silly fetchPackageMetaData   port: 443 }
51 info attempt registry request try #3 at 1:38:11 PM
52 verbose etag "5CKZXN4WUS8VSGZAPUWS0H9N8"
53 http request GET https://registry.npmjs.org/grunt-node-inspector
54 silly get cb [ 304, undefined ]
55 verbose etag https://registry.npmjs.org/grunt-node-inspector from cache
56 verbose get saving grunt-node-inspector to /home/xavier/.npm/registry.npmjs.org/grunt-node-inspector/.cache.json
57 silly resolveWithNewModule grunt-node-inspector@0.1.6 checking installable status
58 silly cache add args [ 'grunt-node-inspector@~0.1.5', null ]
59 verbose cache add spec grunt-node-inspector@~0.1.5
60 silly cache add parsed spec Result {
60 silly cache add   raw: 'grunt-node-inspector@~0.1.5',
60 silly cache add   scope: null,
60 silly cache add   name: 'grunt-node-inspector',
60 silly cache add   rawSpec: '~0.1.5',
60 silly cache add   spec: '>=0.1.5 <0.2.0',
60 silly cache add   type: 'range' }
61 silly addNamed grunt-node-inspector@>=0.1.5 <0.2.0
62 verbose addNamed ">=0.1.5 <0.2.0" is a valid semver range for grunt-node-inspector
63 silly addNameRange { name: 'grunt-node-inspector',
63 silly addNameRange   range: '>=0.1.5 <0.2.0',
63 silly addNameRange   hasData: false }
64 silly mapToRegistry name grunt-node-inspector
65 silly mapToRegistry using default registry
66 silly mapToRegistry registry https://registry.npmjs.org/
67 silly mapToRegistry uri https://registry.npmjs.org/grunt-node-inspector
68 verbose addNameRange registry:https://registry.npmjs.org/grunt-node-inspector not in flight; fetching
69 verbose get https://registry.npmjs.org/grunt-node-inspector not expired, no request
70 silly addNameRange number 2 { name: 'grunt-node-inspector',
70 silly addNameRange   range: '>=0.1.5 <0.2.0',
70 silly addNameRange   hasData: true }
71 silly addNameRange versions [ 'grunt-node-inspector',
71 silly addNameRange   [ '0.0.1',
71 silly addNameRange     '0.1.0',
71 silly addNameRange     '0.1.1',
71 silly addNameRange     '0.1.2',
71 silly addNameRange     '0.1.3',
71 silly addNameRange     '0.1.5',
71 silly addNameRange     '0.1.6',
71 silly addNameRange     '0.2.0',
71 silly addNameRange     '0.3.0',
71 silly addNameRange     '0.4.0',
71 silly addNameRange     '0.4.1' ] ]
72 silly addNamed grunt-node-inspector@0.1.6
73 verbose addNamed "0.1.6" is a plain semver version for grunt-node-inspector
74 silly cache afterAdd grunt-node-inspector@0.1.6
75 verbose afterAdd /home/xavier/.npm/grunt-node-inspector/0.1.6/package/package.json not in flight; writing
76 verbose afterAdd /home/xavier/.npm/grunt-node-inspector/0.1.6/package/package.json written
77 silly rollbackFailedOptional Starting
78 silly rollbackFailedOptional Finishing
79 silly runTopLevelLifecycles Starting
80 silly runTopLevelLifecycles Finishing
81 silly install printInstalled
82 verbose stack Error: getaddrinfo EAI_AGAIN registry.npmjs.org:443
82 verbose stack     at Object.exports._errnoException (util.js:856:11)
82 verbose stack     at errnoException (dns.js:31:15)
82 verbose stack     at GetAddrInfoReqWrap.onlookup [as oncomplete] (dns.js:77:26)
83 verbose cwd /home/xavier/web/TP1_WebApp
84 error Linux 4.2.0-16-generic
85 error argv "/usr/local/bin/node" "/usr/local/bin/npm" "install"
86 error node v5.4.1
87 error npm  v3.3.12
88 error code EAI_AGAIN
89 error errno EAI_AGAIN
90 error syscall getaddrinfo
91 error getaddrinfo EAI_AGAIN registry.npmjs.org:443
92 error If you need help, you may report this error at:
92 error     <https://github.com/npm/npm/issues>
93 verbose exit [ 1, true ]
